<?xml version="1.0" encoding="UTF-8"?>
<!-- Generated by org.testng.reporters.JUnitXMLReporter -->
<testsuite hostname="GEKAMBAR-N94RC" ignored="8" name="leads" tests="5" failures="0" timestamp="05 Sep 2018 11:17:45 GMT" time="166.85" errors="0">
  <testcase name="createLead" time="7.84" classname="tests.TC001_CreateLead"/>
  <testcase name="editLead" time="15.282" classname="tests.TC002_EditLead"/>
  <testcase name="deleteLead" time="18.982" classname="tests.TC003_DeleteLead"/>
  <testcase name="deleteLead" time="22.035" classname="tests.TC005_DuplicateLead"/>
  <testcase name="deleteLead" time="41.674" classname="tests.TC004_MergeLead"/>
  <testcase name="@AfterSuite stopResult" time="0.0" classname="utils.HtmlReporter">
    <ignored/>
  </testcase> <!-- @AfterSuite stopResult -->
  <testcase name="@AfterSuite stopResult" time="0.0" classname="utils.HtmlReporter">
    <ignored/>
  </testcase> <!-- @AfterSuite stopResult -->
  <testcase name="@AfterSuite stopResult" time="0.0" classname="utils.HtmlReporter">
    <ignored/>
  </testcase> <!-- @AfterSuite stopResult -->
  <testcase name="@AfterSuite stopResult" time="0.0" classname="utils.HtmlReporter">
    <ignored/>
  </testcase> <!-- @AfterSuite stopResult -->
  <testcase name="@BeforeSuite startResult" time="0.0" classname="utils.HtmlReporter">
    <ignored/>
  </testcase> <!-- @BeforeSuite startResult -->
  <testcase name="@BeforeSuite startResult" time="0.0" classname="utils.HtmlReporter">
    <ignored/>
  </testcase> <!-- @BeforeSuite startResult -->
  <testcase name="@BeforeSuite startResult" time="0.0" classname="utils.HtmlReporter">
    <ignored/>
  </testcase> <!-- @BeforeSuite startResult -->
  <testcase name="@BeforeSuite startResult" time="0.0" classname="utils.HtmlReporter">
    <ignored/>
  </testcase> <!-- @BeforeSuite startResult -->
</testsuite> <!-- leads -->
