<?xml version="1.0" encoding="UTF-8"?>
<testng-results skipped="0" failed="0" ignored="0" total="1" passed="1">
  <reporter-output>
  </reporter-output>
  <suite name="Suite" duration-ms="29546" started-at="2018-09-07T06:52:12Z" finished-at="2018-09-07T06:52:42Z">
    <groups>
    </groups>
    <test name="Test" duration-ms="29546" started-at="2018-09-07T06:52:12Z" finished-at="2018-09-07T06:52:42Z">
      <class name="tests.TC003_DeleteLead">
        <test-method status="PASS" signature="startResult()[pri:0, instance:tests.TC003_DeleteLead@20398b7c]" name="startResult" is-config="true" duration-ms="885" started-at="2018-09-07T06:52:11Z" finished-at="2018-09-07T06:52:12Z">
          <reporter-output>
          </reporter-output>
        </test-method> <!-- startResult -->
        <test-method status="PASS" signature="setData()[pri:0, instance:tests.TC003_DeleteLead@20398b7c]" name="setData" is-config="true" duration-ms="1" started-at="2018-09-07T06:52:12Z" finished-at="2018-09-07T06:52:12Z">
          <reporter-output>
          </reporter-output>
        </test-method> <!-- setData -->
        <test-method status="PASS" signature="startTestCase()[pri:0, instance:tests.TC003_DeleteLead@20398b7c]" name="startTestCase" is-config="true" duration-ms="10" started-at="2018-09-07T06:52:13Z" finished-at="2018-09-07T06:52:13Z">
          <reporter-output>
          </reporter-output>
        </test-method> <!-- startTestCase -->
        <test-method status="PASS" signature="login(java.lang.String, java.lang.String, java.lang.String)[pri:0, instance:tests.TC003_DeleteLead@20398b7c]" name="login" is-config="true" duration-ms="14568" started-at="2018-09-07T06:52:13Z" finished-at="2018-09-07T06:52:27Z">
          <params>
            <param index="0">
              <value>
                <![CDATA[http://leaftaps.com/opentaps]]>
              </value>
            </param>
            <param index="1">
              <value>
                <![CDATA[DemoSalesManager]]>
              </value>
            </param>
            <param index="2">
              <value>
                <![CDATA[crmsfa]]>
              </value>
            </param>
          </params>
          <reporter-output>
          </reporter-output>
        </test-method> <!-- login -->
        <test-method status="PASS" signature="deleteLead(java.lang.String, java.lang.String, java.lang.String)[pri:0, instance:tests.TC003_DeleteLead@20398b7c]" name="deleteLead" duration-ms="13098" started-at="2018-09-07T06:52:27Z" data-provider="fetchData" finished-at="2018-09-07T06:52:41Z">
          <params>
            <param index="0">
              <value>
                <![CDATA[HCL]]>
              </value>
            </param>
            <param index="1">
              <value>
                <![CDATA[Gopi]]>
              </value>
            </param>
            <param index="2">
              <value>
                <![CDATA[E]]>
              </value>
            </param>
          </params>
          <reporter-output>
          </reporter-output>
        </test-method> <!-- deleteLead -->
        <test-method status="PASS" signature="close()[pri:0, instance:tests.TC003_DeleteLead@20398b7c]" name="close" is-config="true" duration-ms="1066" started-at="2018-09-07T06:52:41Z" finished-at="2018-09-07T06:52:42Z">
          <reporter-output>
          </reporter-output>
        </test-method> <!-- close -->
        <test-method status="PASS" signature="stopResult()[pri:0, instance:tests.TC003_DeleteLead@20398b7c]" name="stopResult" is-config="true" duration-ms="483" started-at="2018-09-07T06:52:42Z" finished-at="2018-09-07T06:52:42Z">
          <reporter-output>
          </reporter-output>
        </test-method> <!-- stopResult -->
      </class> <!-- tests.TC003_DeleteLead -->
    </test> <!-- Test -->
  </suite> <!-- Suite -->
</testng-results>
